<?xml version="1.0" encoding="UTF-8"?>
<testsuite name="CalculatorTest" tests="6" skipped="0" failures="0" errors="0" timestamp="2023-05-25T11:58:02" hostname="UNKNOWN" time="0.144">
  <properties/>
  <testcase name="testDivision6()" classname="CalculatorTest" time="0.042"/>
  <testcase name="[1] 10, 2, 5" classname="CalculatorTest" time="0.031"/>
  <testcase name="[2] 10, 4, 2.5" classname="CalculatorTest" time="0.001"/>
  <testcase name="[3] 12.5, 5, 2.5" classname="CalculatorTest" time="0.002"/>
  <testcase name="[4] 10, 2.5, 4" classname="CalculatorTest" time="0.002"/>
  <testcase name="[5] 12.5, 2.5, 5" classname="CalculatorTest" time="0.001"/>
  <system-out><![CDATA[]]></system-out>
  <system-err><![CDATA[]]></system-err>
</testsuite>
